Case #1: our language is impossible to understand
Case #2: there are twenty six factorial possibilities
Case #3: so it is okay if you want to just give up
Case #4: xoggk d yl wxo vkkvgo ekso uyl wonw sywy
Case #5: xkf yto akj
Case #6: yabba dabba yabba dabba yabba dabba yabba dabba yabba dabba yabba dabba yabba dabba yabba dooooooooo
Case #7: a b c d e f g h i j k l m n o p q r s t u v y w x y z now i know my abcs
Case #8: next time wont you sing with me
Case #9: this is so exciting i have to go the bathroom
Case #10: f of two equals f of one equals one
Case #11: for i between three and n f of i equals f of i minus one plus f of i minus two
Case #12: an eye for an eye and a pigeon for a pigeon
Case #13: thank you but the real googlerese is in another castle
Case #14: friends dont let friends let scientific progress go boink
Case #15: oh nooooo goggalor is headed for the orphanage
Case #16: oh my god lets make out
Case #17: you pissed off the chicken lady
Case #18: oh yeah alright were gonna shake it up with the party bear tonight
Case #19: i have bested fruit spike and moon now i shall best you the guy
Case #20: for those who speak in a tongue do not speak to other people
Case #21: nobody understands them since they are speaking mysteries in the spirit
Case #22: dr zaius dr zaius dr zaius dr zaius ooooooooooooh dr zaius
Case #23: now is the summer of our lack of discontent
Case #24: you better cut the pizza in four pieces because im not hungry enough to eat six
Case #25: all your base are belong to error the spoony bard
Case #26: it was the best of times it was the blurst of times
Case #27: let lips do what hands do
Case #28: buff tryndamere and amumu
Case #29: you know you want to
Case #30: swift as the wind quiet as the forest steady as the mountain
