Case #1: 33.333332 66.666664 
Case #2: 0.0 100.0 
Case #3: 25.0 25.0 25.0 25.0 
Case #4: 34.666668 26.666666 38.666668 
Case #5: 14.285714 14.285714 14.285714 14.285714 0.0 14.285714 14.285714 14.285714 
Case #6: 50.0 50.0 
Case #7: 11.433172 10.397976 10.812055 11.640211 11.433172 9.983897 10.397976 0.0 12.05429 11.847251 
Case #8: 10.0 10.0 10.0 10.0 10.0 10.0 10.0 10.0 10.0 10.0 
Case #9: 2.2727273 13.863636 14.318182 13.863636 13.863636 14.318182 13.863636 13.636364 
Case #10: 10.0451 13.181632 13.181632 12.259123 12.812628 8.569085 7.6465764 10.229602 12.07462 
Case #11: 47.272728 52.727272 
Case #12: 0.0 25.0 25.0 25.0 25.0 0.0 0.0 
Case #13: 66.666664 33.333332 
Case #14: 9.90991 9.72973 10.6306305 9.549549 11.711712 9.3693695 9.189189 12.072072 9.72973 8.1081085 
Case #15: 11.111112 11.111112 11.111112 11.111112 11.111112 11.111112 11.111112 11.111112 11.111112 0.0 
Case #16: 0.0 19.48998 17.850637 5.3916206 10.965391 9.981785 8.342441 19.48998 7.6867027 0.80145663 
Case #17: 86.206894 13.793103 
Case #18: 16.666666 16.666666 16.666666 16.666666 16.666666 16.666666 
Case #19: 0.0 100.0 
Case #20: 19.933556 0.0 0.0 0.0 19.933556 0.0 20.265781 19.933556 19.933556 
